<?xml version="1.0" encoding="UTF-8"?>
<!-- Generated by org.testng.reporters.JUnitXMLReporter -->
<testsuite ignored="0" hostname="LUCKY" failures="1" tests="3" name="Error Validations Test" time="27.233" errors="0" timestamp="2024-07-06T15:06:05 IST">
  <testcase classname="Pranavraj.Test.ErrorValidationLoginTest" name="loginErrorValidation" time="1.524">
    <skipped/>
  </testcase> <!-- loginErrorValidation -->
  <testcase classname="Pranavraj.Test.ErrorValidationLoginTest" name="loginErrorValidation" time="1.381">
    <failure type="java.lang.AssertionError" message="expected [Incorrect email or password.] but found [Incorrect email r password.]">
      <![CDATA[java.lang.AssertionError: expected [Incorrect email or password.] but found [Incorrect email r password.]
at Pranavraj.Test.ErrorValidationLoginTest.loginErrorValidation(ErrorValidationLoginTest.java:23)
at java.base/java.util.ArrayList.forEach(ArrayList.java:1511)
at java.base/java.util.concurrent.FutureTask.run(FutureTask.java:264)
at java.base/java.util.concurrent.ThreadPoolExecutor.runWorker(ThreadPoolExecutor.java:1136)
at java.base/java.util.concurrent.ThreadPoolExecutor$Worker.run(ThreadPoolExecutor.java:635)
at java.base/java.lang.Thread.run(Thread.java:833)
... Removed 23 stack frames]]>
    </failure>
  </testcase> <!-- loginErrorValidation -->
  <testcase classname="Pranavraj.Test.ErrorValidationLoginTest" name="productErrorValidation" time="2.583"/>
</testsuite> <!-- Error Validations Test -->
