<?xml version="1.0" encoding="UTF-8"?>
<testng-results retried="1" ignored="1" total="7" passed="4" failed="1" skipped="0">
  <reporter-output>
  </reporter-output>
  <suite started-at="2024-07-06T15:05:37 IST" name="Suite" finished-at="2024-07-06T15:06:10 IST" duration-ms="32588">
    <groups>
      <group name="ErrorHandling">
        <method signature="ErrorValidationLoginTest.loginErrorValidation()[pri:0, instance:Pranavraj.Test.ErrorValidationLoginTest@32f232a5]" name="loginErrorValidation" class="Pranavraj.Test.ErrorValidationLoginTest"/>
      </group> <!-- ErrorHandling -->
      <group name="Purchase">
        <method signature="submitorderTest.submitorder(java.util.HashMap)[pri:0, instance:Pranavraj.Test.submitorderTest@10cf09e8]" name="submitorder" class="Pranavraj.Test.submitorderTest"/>
      </group> <!-- Purchase -->
    </groups>
    <test started-at="2024-07-06T15:05:37 IST" name="Error Validations Test" finished-at="2024-07-06T15:06:05 IST" duration-ms="27233">
      <class name="Pranavraj.Test.ErrorValidationLoginTest">
        <test-method is-config="true" signature="launchingApplication()[pri:0, instance:Pranavraj.Test.ErrorValidationLoginTest@32f232a5]" started-at="2024-07-06T15:05:38 IST" name="launchingApplication" finished-at="2024-07-06T15:05:48 IST" duration-ms="10077" status="PASS">
          <reporter-output>
          </reporter-output>
        </test-method> <!-- launchingApplication -->
        <test-method retried="true" signature="loginErrorValidation()[pri:0, instance:Pranavraj.Test.ErrorValidationLoginTest@32f232a5]" started-at="2024-07-06T15:05:48 IST" name="loginErrorValidation" finished-at="2024-07-06T15:05:49 IST" duration-ms="1524" status="SKIP">
          <exception class="java.lang.AssertionError">
            <message>
              <![CDATA[expected [Incorrect email or password.] but found [Incorrect email r password.]]]>
            </message>
            <full-stacktrace>
              <![CDATA[java.lang.AssertionError: expected [Incorrect email or password.] but found [Incorrect email r password.]
at org.testng.Assert.fail(Assert.java:111)
at org.testng.Assert.failNotEquals(Assert.java:1578)
at org.testng.Assert.assertEqualsImpl(Assert.java:150)
at org.testng.Assert.assertEquals(Assert.java:132)
at org.testng.Assert.assertEquals(Assert.java:656)
at org.testng.Assert.assertEquals(Assert.java:666)
at Pranavraj.Test.ErrorValidationLoginTest.loginErrorValidation(ErrorValidationLoginTest.java:23)
at java.base/jdk.internal.reflect.NativeMethodAccessorImpl.invoke0(Native Method)
at java.base/jdk.internal.reflect.NativeMethodAccessorImpl.invoke(NativeMethodAccessorImpl.java:77)
at java.base/jdk.internal.reflect.DelegatingMethodAccessorImpl.invoke(DelegatingMethodAccessorImpl.java:43)
at java.base/java.lang.reflect.Method.invoke(Method.java:568)
at org.testng.internal.invokers.MethodInvocationHelper.invokeMethod(MethodInvocationHelper.java:141)
at org.testng.internal.invokers.TestInvoker.invokeMethod(TestInvoker.java:686)
at org.testng.internal.invokers.TestInvoker.invokeTestMethod(TestInvoker.java:230)
at org.testng.internal.invokers.MethodRunner.runInSequence(MethodRunner.java:63)
at org.testng.internal.invokers.TestInvoker$MethodInvocationAgent.invoke(TestInvoker.java:992)
at org.testng.internal.invokers.TestInvoker.invokeTestMethods(TestInvoker.java:203)
at org.testng.internal.invokers.TestMethodWorker.invokeTestMethods(TestMethodWorker.java:154)
at org.testng.internal.invokers.TestMethodWorker.run(TestMethodWorker.java:134)
at java.base/java.util.ArrayList.forEach(ArrayList.java:1511)
at org.testng.TestRunner.privateRun(TestRunner.java:739)
at org.testng.TestRunner.run(TestRunner.java:614)
at org.testng.SuiteRunner.runTest(SuiteRunner.java:421)
at org.testng.SuiteRunner$SuiteWorker.run(SuiteRunner.java:463)
at org.testng.internal.thread.ThreadUtil.lambda$execute$0(ThreadUtil.java:64)
at java.base/java.util.concurrent.FutureTask.run(FutureTask.java:264)
at java.base/java.util.concurrent.ThreadPoolExecutor.runWorker(ThreadPoolExecutor.java:1136)
at java.base/java.util.concurrent.ThreadPoolExecutor$Worker.run(ThreadPoolExecutor.java:635)
at java.base/java.lang.Thread.run(Thread.java:833)
]]>
            </full-stacktrace>
          </exception> <!-- java.lang.AssertionError -->
          <reporter-output>
          </reporter-output>
        </test-method> <!-- loginErrorValidation -->
        <test-method is-config="true" signature="quit()[pri:0, instance:Pranavraj.Test.ErrorValidationLoginTest@32f232a5]" started-at="2024-07-06T15:05:49 IST" name="quit" finished-at="2024-07-06T15:05:49 IST" duration-ms="344" status="PASS">
          <reporter-output>
          </reporter-output>
        </test-method> <!-- quit -->
        <test-method is-config="true" signature="launchingApplication()[pri:0, instance:Pranavraj.Test.ErrorValidationLoginTest@32f232a5]" started-at="2024-07-06T15:05:49 IST" name="launchingApplication" finished-at="2024-07-06T15:05:55 IST" duration-ms="5488" status="PASS">
          <reporter-output>
          </reporter-output>
        </test-method> <!-- launchingApplication -->
        <test-method signature="loginErrorValidation()[pri:0, instance:Pranavraj.Test.ErrorValidationLoginTest@32f232a5]" started-at="2024-07-06T15:05:55 IST" name="loginErrorValidation" finished-at="2024-07-06T15:05:56 IST" duration-ms="1381" status="FAIL">
          <exception class="java.lang.AssertionError">
            <message>
              <![CDATA[expected [Incorrect email or password.] but found [Incorrect email r password.]]]>
            </message>
            <full-stacktrace>
              <![CDATA[java.lang.AssertionError: expected [Incorrect email or password.] but found [Incorrect email r password.]
at org.testng.Assert.fail(Assert.java:111)
at org.testng.Assert.failNotEquals(Assert.java:1578)
at org.testng.Assert.assertEqualsImpl(Assert.java:150)
at org.testng.Assert.assertEquals(Assert.java:132)
at org.testng.Assert.assertEquals(Assert.java:656)
at org.testng.Assert.assertEquals(Assert.java:666)
at Pranavraj.Test.ErrorValidationLoginTest.loginErrorValidation(ErrorValidationLoginTest.java:23)
at java.base/jdk.internal.reflect.NativeMethodAccessorImpl.invoke0(Native Method)
at java.base/jdk.internal.reflect.NativeMethodAccessorImpl.invoke(NativeMethodAccessorImpl.java:77)
at java.base/jdk.internal.reflect.DelegatingMethodAccessorImpl.invoke(DelegatingMethodAccessorImpl.java:43)
at java.base/java.lang.reflect.Method.invoke(Method.java:568)
at org.testng.internal.invokers.MethodInvocationHelper.invokeMethod(MethodInvocationHelper.java:141)
at org.testng.internal.invokers.TestInvoker.invokeMethod(TestInvoker.java:686)
at org.testng.internal.invokers.TestInvoker.retryFailed(TestInvoker.java:269)
at org.testng.internal.invokers.MethodRunner.runInSequence(MethodRunner.java:76)
at org.testng.internal.invokers.TestInvoker$MethodInvocationAgent.invoke(TestInvoker.java:992)
at org.testng.internal.invokers.TestInvoker.invokeTestMethods(TestInvoker.java:203)
at org.testng.internal.invokers.TestMethodWorker.invokeTestMethods(TestMethodWorker.java:154)
at org.testng.internal.invokers.TestMethodWorker.run(TestMethodWorker.java:134)
at java.base/java.util.ArrayList.forEach(ArrayList.java:1511)
at org.testng.TestRunner.privateRun(TestRunner.java:739)
at org.testng.TestRunner.run(TestRunner.java:614)
at org.testng.SuiteRunner.runTest(SuiteRunner.java:421)
at org.testng.SuiteRunner$SuiteWorker.run(SuiteRunner.java:463)
at org.testng.internal.thread.ThreadUtil.lambda$execute$0(ThreadUtil.java:64)
at java.base/java.util.concurrent.FutureTask.run(FutureTask.java:264)
at java.base/java.util.concurrent.ThreadPoolExecutor.runWorker(ThreadPoolExecutor.java:1136)
at java.base/java.util.concurrent.ThreadPoolExecutor$Worker.run(ThreadPoolExecutor.java:635)
at java.base/java.lang.Thread.run(Thread.java:833)
]]>
            </full-stacktrace>
          </exception> <!-- java.lang.AssertionError -->
          <reporter-output>
          </reporter-output>
        </test-method> <!-- loginErrorValidation -->
        <test-method is-config="true" signature="quit()[pri:0, instance:Pranavraj.Test.ErrorValidationLoginTest@32f232a5]" started-at="2024-07-06T15:05:57 IST" name="quit" finished-at="2024-07-06T15:05:57 IST" duration-ms="199" status="PASS">
          <reporter-output>
          </reporter-output>
        </test-method> <!-- quit -->
        <test-method is-config="true" signature="launchingApplication()[pri:0, instance:Pranavraj.Test.ErrorValidationLoginTest@32f232a5]" started-at="2024-07-06T15:05:57 IST" name="launchingApplication" finished-at="2024-07-06T15:06:02 IST" duration-ms="4873" status="PASS">
          <reporter-output>
          </reporter-output>
        </test-method> <!-- launchingApplication -->
        <test-method signature="productErrorValidation()[pri:0, instance:Pranavraj.Test.ErrorValidationLoginTest@32f232a5]" started-at="2024-07-06T15:06:02 IST" name="productErrorValidation" finished-at="2024-07-06T15:06:05 IST" duration-ms="2583" status="PASS">
          <reporter-output>
          </reporter-output>
        </test-method> <!-- productErrorValidation -->
        <test-method is-config="true" signature="quit()[pri:0, instance:Pranavraj.Test.ErrorValidationLoginTest@32f232a5]" started-at="2024-07-06T15:06:05 IST" name="quit" finished-at="2024-07-06T15:06:05 IST" duration-ms="152" status="PASS">
          <reporter-output>
          </reporter-output>
        </test-method> <!-- quit -->
      </class> <!-- Pranavraj.Test.ErrorValidationLoginTest -->
    </test> <!-- Error Validations Test -->
    <test started-at="2024-07-06T15:05:37 IST" name="Submit Order Test" finished-at="2024-07-06T15:06:10 IST" duration-ms="32588">
      <class name="Pranavraj.Test.submitorderTest">
        <test-method is-config="true" signature="launchingApplication()[pri:0, instance:Pranavraj.Test.submitorderTest@10cf09e8]" started-at="2024-07-06T15:05:38 IST" name="launchingApplication" finished-at="2024-07-06T15:05:48 IST" duration-ms="10403" status="PASS">
          <reporter-output>
          </reporter-output>
        </test-method> <!-- launchingApplication -->
        <test-method signature="submitorder(java.util.HashMap)[pri:0, instance:Pranavraj.Test.submitorderTest@10cf09e8]" started-at="2024-07-06T15:05:48 IST" name="submitorder" data-provider="getData" finished-at="2024-07-06T15:05:52 IST" duration-ms="3977" status="PASS">
          <params>
            <param index="0">
              <value>
                <![CDATA[{password=Vtu@12344, product=ZARA COAT 3, email=pranavrajvoola@gmail.com}]]>
              </value>
            </param>
          </params>
          <reporter-output>
          </reporter-output>
        </test-method> <!-- submitorder -->
        <test-method is-config="true" signature="quit()[pri:0, instance:Pranavraj.Test.submitorderTest@10cf09e8]" started-at="2024-07-06T15:05:52 IST" name="quit" finished-at="2024-07-06T15:05:52 IST" duration-ms="177" status="PASS">
          <reporter-output>
          </reporter-output>
        </test-method> <!-- quit -->
        <test-method is-config="true" signature="launchingApplication()[pri:0, instance:Pranavraj.Test.submitorderTest@10cf09e8]" started-at="2024-07-06T15:05:52 IST" name="launchingApplication" finished-at="2024-07-06T15:05:58 IST" duration-ms="5672" status="PASS">
          <reporter-output>
          </reporter-output>
        </test-method> <!-- launchingApplication -->
        <test-method signature="submitorder(java.util.HashMap)[pri:0, instance:Pranavraj.Test.submitorderTest@10cf09e8]" started-at="2024-07-06T15:05:58 IST" name="submitorder" data-provider="getData" finished-at="2024-07-06T15:06:02 IST" duration-ms="3862" status="PASS">
          <params>
            <param index="0">
              <value>
                <![CDATA[{password=Vtu@12344, product=ADIDAS ORIGINAL, email=pranavrajvoola@gmail.com}]]>
              </value>
            </param>
          </params>
          <reporter-output>
          </reporter-output>
        </test-method> <!-- submitorder -->
        <test-method is-config="true" signature="quit()[pri:0, instance:Pranavraj.Test.submitorderTest@10cf09e8]" started-at="2024-07-06T15:06:02 IST" name="quit" finished-at="2024-07-06T15:06:02 IST" duration-ms="246" status="PASS">
          <reporter-output>
          </reporter-output>
        </test-method> <!-- quit -->
        <test-method is-config="true" signature="launchingApplication()[pri:0, instance:Pranavraj.Test.submitorderTest@10cf09e8]" started-at="2024-07-06T15:06:02 IST" name="launchingApplication" finished-at="2024-07-06T15:06:09 IST" duration-ms="6840" status="PASS">
          <reporter-output>
          </reporter-output>
        </test-method> <!-- launchingApplication -->
        <test-method signature="OrderTest()[pri:0, instance:Pranavraj.Test.submitorderTest@10cf09e8]" started-at="2024-07-06T15:06:09 IST" name="OrderTest" finished-at="2024-07-06T15:06:10 IST" depends-on-methods="Pranavraj.Test.submitorderTest.submitorder" duration-ms="811" status="PASS">
          <reporter-output>
          </reporter-output>
        </test-method> <!-- OrderTest -->
        <test-method is-config="true" signature="quit()[pri:0, instance:Pranavraj.Test.submitorderTest@10cf09e8]" started-at="2024-07-06T15:06:10 IST" name="quit" finished-at="2024-07-06T15:06:10 IST" duration-ms="228" status="PASS">
          <reporter-output>
          </reporter-output>
        </test-method> <!-- quit -->
      </class> <!-- Pranavraj.Test.submitorderTest -->
    </test> <!-- Submit Order Test -->
  </suite> <!-- Suite -->
</testng-results>
